<?xml version="1.0" encoding="UTF-8"?>
<!-- Generated by org.testng.reporters.JUnitReportReporter -->
<testsuite hostname="Ruchita" failures="0" tests="6" name="api.test.DDTests" time="13.770" errors="0" timestamp="2024-12-17T22:12:19 IST" skipped="0">
  <testcase classname="api.test.DDTests" name="testPostuser" time="1.891"/>
  <testcase classname="api.test.DDTests" name="testPostuser" time="3.763"/>
  <testcase classname="api.test.DDTests" name="testPostuser" time="2.151"/>
  <testcase classname="api.test.DDTests" name="testDeleteUserByName" time="2.044"/>
  <testcase classname="api.test.DDTests" name="testDeleteUserByName" time="1.873"/>
  <testcase classname="api.test.DDTests" name="testDeleteUserByName" time="2.048"/>
</testsuite> <!-- api.test.DDTests -->
