<?xml version="1.0" encoding="UTF-8"?>
<!-- Generated by org.testng.reporters.JUnitReportReporter -->
<testsuite hostname="Ruchita" failures="0" tests="4" name="api.test.UserTests" time="9.152" errors="0" timestamp="2024-12-17T23:18:23 IST" skipped="0">
  <testcase classname="api.test.UserTests" name="testPostUser" time="3.133"/>
  <testcase classname="api.test.UserTests" name="testGetUserByName" time="1.525"/>
  <testcase classname="api.test.UserTests" name="testUpdateUserByName" time="2.928"/>
  <testcase classname="api.test.UserTests" name="testDeleteUserByName" time="1.566"/>
</testsuite> <!-- api.test.UserTests -->
