<?xml version="1.0" encoding="UTF-8"?>
<!-- Generated by org.testng.reporters.JUnitReportReporter -->
<testsuite hostname="Ruchita" failures="0" tests="4" name="api.test.UserTests2" time="26.066" errors="0" timestamp="2024-12-18T16:40:30 IST" skipped="0">
  <testcase classname="api.test.UserTests2" name="testPostUser" time="19.714"/>
  <testcase classname="api.test.UserTests2" name="testGetUserByName" time="1.756"/>
  <testcase classname="api.test.UserTests2" name="testUpdateUserByName" time="3.107"/>
  <testcase classname="api.test.UserTests2" name="testDeleteUserByName" time="1.489"/>
</testsuite> <!-- api.test.UserTests2 -->
