<?xml version="1.0" encoding="UTF-8"?>
<!-- Generated by org.testng.reporters.JUnitReportReporter -->
<testsuite hostname="Ruchita" failures="0" tests="4" name="api.test.UserTests2" time="9.137" errors="0" timestamp="2024-12-18T17:28:48 IST" skipped="0">
  <testcase classname="api.test.UserTests2" name="testPostUser" time="2.606"/>
  <testcase classname="api.test.UserTests2" name="testGetUserByName" time="1.650"/>
  <testcase classname="api.test.UserTests2" name="testUpdateUserByName" time="3.177"/>
  <testcase classname="api.test.UserTests2" name="testDeleteUserByName" time="1.704"/>
</testsuite> <!-- api.test.UserTests2 -->
